25 Aug 2016 01:13:00  INFO Log - ****************************************************************************************
25 Aug 2016 01:13:00  INFO Log - ************************                TC_001_makeAPurchase       ***********************
25 Aug 2016 01:13:00  INFO Log - ****************************************************************************************
25 Aug 2016 01:13:06  INFO Log - Application launched successfully in chrome
25 Aug 2016 01:13:07  INFO Log - Clicked on SignIn Button
25 Aug 2016 01:13:07  INFO Log - Wait called Successfully
25 Aug 2016 01:13:07  INFO Log - Clicked on Create Account Button
25 Aug 2016 01:13:08  INFO Log - Wait called Successfully
25 Aug 2016 01:13:10  INFO Log - Missing Zip Code check passed
25 Aug 2016 01:13:12  INFO Log - T-Shirt menu option is Selected
25 Aug 2016 01:13:12  INFO Log - Wait called Successfully
25 Aug 2016 01:13:13  INFO Log - Selected Blue color
25 Aug 2016 01:13:13  INFO Log - Select Medium Size
25 Aug 2016 01:13:13  INFO Log - Item is added to cart
25 Aug 2016 01:13:14  INFO Log - Wait called Successfully
25 Aug 2016 01:13:15  INFO Log - Proceed to Checkout
25 Aug 2016 01:13:15  INFO Log - Verified value of Cart
25 Aug 2016 01:13:15  INFO Log - End of Test Case
25 Aug 2016 01:13:15  INFO Log - ***********************            -E---N---D-            ***********************
25 Aug 2016 01:13:15  INFO Log - X
